TN:
SF:02-ratelimitter.js
FNF:0
FNH:0
DA:1,1
DA:2,1
DA:3,1
DA:4,1
DA:5,1
DA:6,1
DA:7,1
DA:8,1
DA:9,1
DA:10,1
DA:11,1
DA:12,1
DA:13,1
DA:14,1
DA:15,1
DA:16,1
DA:17,2
DA:18,2
DA:19,1
DA:20,1
DA:21,13
DA:22,13
DA:23,13
DA:24,2
DA:25,13
DA:26,11
DA:27,11
DA:28,13
DA:29,13
DA:30,7
DA:31,7
DA:32,6
DA:33,6
DA:34,6
DA:35,6
DA:36,6
DA:37,6
DA:38,1
DA:39,6
DA:40,1
DA:41,1
DA:42,1
DA:43,0
DA:44,1
DA:45,1
DA:46,1
LF:46
LH:45
BRDA:16,0,0,2
BRDA:20,1,0,13
BRDA:23,2,0,2
BRDA:25,3,0,11
BRDA:29,4,0,7
BRDA:31,5,0,6
BRDA:38,6,0,6
BRF:7
BRH:7
end_of_record
